# JRE version: OpenJDK Runtime Environment Temurin-17.0.11+9 (17.0.11+9) (build 17.0.11+9)
# Java VM: OpenJDK 64-Bit Server VM Temurin-17.0.11+9 (17.0.11+9, mixed mode, tiered, compressed oops, compressed class ptrs, parallel gc, windows-amd64)
GC Precious Log:
 CPUs: 8 total, 8 available
 Memory: 7886M
 Large Page Support: Disabled
 NUMA Support: Disabled
 Compressed Oops: Enabled (32-bit)
 Alignments: Space 512K, Generation 512K, Heap 2M
 Heap Min Capacity: 100M
 Heap Initial Capacity: 100M
 Heap Max Capacity: 1G
 Pre-touch: Disabled
 Parallel Workers: 8
Heap:
 PSYoungGen      total 18432K, used 11885K [0x00000000eab00000, 0x00000000ec000000, 0x0000000100000000)
  eden space 16384K, 61% used [0x00000000eab00000,0x00000000eb4c6c38,0x00000000ebb00000)
  from space 2048K, 91% used [0x00000000ebb00000,0x00000000ebcd4968,0x00000000ebd00000)
  to   space 2560K, 0% used [0x00000000ebd80000,0x00000000ebd80000,0x00000000ec000000)
 ParOldGen       total 68608K, used 40082K [0x00000000c0000000, 0x00000000c4300000, 0x00000000eab00000)
  object space 68608K, 58% used [0x00000000c0000000,0x00000000c27249a8,0x00000000c4300000)
 Metaspace       used 50238K, committed 51008K, reserved 1114112K
  class space    used 4870K, committed 5184K, reserved 1048576K
GC Heap History (20 events):
Event: 17.269 GC heap before
{Heap before GC invocations=22 (full 2):
 PSYoungGen      total 19456K, used 19442K [0x00000000eab00000, 0x00000000ec100000, 0x0000000100000000)
  eden space 18432K, 100% used [0x00000000eab00000,0x00000000ebd00000,0x00000000ebd00000)
  from space 1024K, 98% used [0x00000000ebf00000,0x00000000ebffcaf0,0x00000000ec000000)
  to   space 1024K, 0% used [0x00000000ec000000,0x00000000ec000000,0x00000000ec100000)
 ParOldGen       total 68608K, used 30586K [0x00000000c0000000, 0x00000000c4300000, 0x00000000eab00000)
  object space 68608K, 44% used [0x00000000c0000000,0x00000000c1ddea98,0x00000000c4300000)
 Metaspace       used 43541K, committed 44288K, reserved 1114112K
  class space    used 4428K, committed 4736K, reserved 1048576K
}
Event: 17.270 GC heap after
{Heap after GC invocations=22 (full 2):
 PSYoungGen      total 19456K, used 745K [0x00000000eab00000, 0x00000000ec100000, 0x0000000100000000)
  eden space 18432K, 0% used [0x00000000eab00000,0x00000000eab00000,0x00000000ebd00000)
  from space 1024K, 72% used [0x00000000ec000000,0x00000000ec0ba5a8,0x00000000ec100000)
  to   space 1024K, 0% used [0x00000000ebf00000,0x00000000ebf00000,0x00000000ec000000)
 ParOldGen       total 68608K, used 31090K [0x00000000c0000000, 0x00000000c4300000, 0x00000000eab00000)
  object space 68608K, 45% used [0x00000000c0000000,0x00000000c1e5c9b8,0x00000000c4300000)
 Metaspace       used 43541K, committed 44288K, reserved 1114112K
  class space    used 4428K, committed 4736K, reserved 1048576K
}
Event: 17.654 GC heap before
{Heap before GC invocations=23 (full 2):
 PSYoungGen      total 19456K, used 19177K [0x00000000eab00000, 0x00000000ec100000, 0x0000000100000000)
  eden space 18432K, 100% used [0x00000000eab00000,0x00000000ebd00000,0x00000000ebd00000)
  from space 1024K, 72% used [0x00000000ec000000,0x00000000ec0ba5a8,0x00000000ec100000)
  to   space 1024K, 0% used [0x00000000ebf00000,0x00000000ebf00000,0x00000000ec000000)
 ParOldGen       total 68608K, used 31090K [0x00000000c0000000, 0x00000000c4300000, 0x00000000eab00000)
  object space 68608K, 45% used [0x00000000c0000000,0x00000000c1e5c9b8,0x00000000c4300000)
 Metaspace       used 45437K, committed 46272K, reserved 1114112K
  class space    used 4576K, committed 4928K, reserved 1048576K
}
Event: 17.656 GC heap after
{Heap after GC invocations=23 (full 2):
 PSYoungGen      total 19456K, used 1005K [0x00000000eab00000, 0x00000000ec080000, 0x0000000100000000)
  eden space 18432K, 0% used [0x00000000eab00000,0x00000000eab00000,0x00000000ebd00000)
  from space 1024K, 98% used [0x00000000ebf00000,0x00000000ebffb510,0x00000000ec000000)
  to   space 512K, 0% used [0x00000000ec000000,0x00000000ec000000,0x00000000ec080000)
 ParOldGen       total 68608K, used 31167K [0x00000000c0000000, 0x00000000c4300000, 0x00000000eab00000)
  object space 68608K, 45% used [0x00000000c0000000,0x00000000c1e6fc30,0x00000000c4300000)
 Metaspace       used 45437K, committed 46272K, reserved 1114112K
  class space    used 4576K, committed 4928K, reserved 1048576K
}
Event: 18.438 GC heap before
{Heap before GC invocations=24 (full 2):
 PSYoungGen      total 19456K, used 19437K [0x00000000eab00000, 0x00000000ec080000, 0x0000000100000000)
  eden space 18432K, 99% used [0x00000000eab00000,0x00000000ebcfffd8,0x00000000ebd00000)
  from space 1024K, 98% used [0x00000000ebf00000,0x00000000ebffb510,0x00000000ec000000)
  to   space 512K, 0% used [0x00000000ec000000,0x00000000ec000000,0x00000000ec080000)
 ParOldGen       total 68608K, used 31167K [0x00000000c0000000, 0x00000000c4300000, 0x00000000eab00000)
  object space 68608K, 45% used [0x00000000c0000000,0x00000000c1e6fc30,0x00000000c4300000)
 Metaspace       used 46707K, committed 47488K, reserved 1114112K
  class space    used 4705K, committed 5056K, reserved 1048576K
}
Event: 18.440 GC heap after
{Heap after GC invocations=24 (full 2):
 PSYoungGen      total 18944K, used 512K [0x00000000eab00000, 0x00000000ec200000, 0x0000000100000000)
  eden space 18432K, 0% used [0x00000000eab00000,0x00000000eab00000,0x00000000ebd00000)
  from space 512K, 100% used [0x00000000ec000000,0x00000000ec080000,0x00000000ec080000)
  to   space 2560K, 0% used [0x00000000ebd00000,0x00000000ebd00000,0x00000000ebf80000)
 ParOldGen       total 68608K, used 32597K [0x00000000c0000000, 0x00000000c4300000, 0x00000000eab00000)
  object space 68608K, 47% used [0x00000000c0000000,0x00000000c1fd5428,0x00000000c4300000)
 Metaspace       used 46707K, committed 47488K, reserved 1114112K
  class space    used 4705K, committed 5056K, reserved 1048576K
}
Event: 19.404 GC heap before
{Heap before GC invocations=25 (full 2):
 PSYoungGen      total 18944K, used 18944K [0x00000000eab00000, 0x00000000ec200000, 0x0000000100000000)
  eden space 18432K, 100% used [0x00000000eab00000,0x00000000ebd00000,0x00000000ebd00000)
  from space 512K, 100% used [0x00000000ec000000,0x00000000ec080000,0x00000000ec080000)
  to   space 2560K, 0% used [0x00000000ebd00000,0x00000000ebd00000,0x00000000ebf80000)
 ParOldGen       total 68608K, used 32597K [0x00000000c0000000, 0x00000000c4300000, 0x00000000eab00000)
  object space 68608K, 47% used [0x00000000c0000000,0x00000000c1fd5428,0x00000000c4300000)
 Metaspace       used 48067K, committed 48832K, reserved 1114112K
  class space    used 4835K, committed 5184K, reserved 1048576K
}
Event: 19.406 GC heap after
{Heap after GC invocations=25 (full 2):
 PSYoungGen      total 19968K, used 1219K [0x00000000eab00000, 0x00000000ec080000, 0x0000000100000000)
  eden space 18432K, 0% used [0x00000000eab00000,0x00000000eab00000,0x00000000ebd00000)
  from space 1536K, 79% used [0x00000000ebd00000,0x00000000ebe30e78,0x00000000ebe80000)
  to   space 1536K, 0% used [0x00000000ebf00000,0x00000000ebf00000,0x00000000ec080000)
 ParOldGen       total 68608K, used 33101K [0x00000000c0000000, 0x00000000c4300000, 0x00000000eab00000)
  object space 68608K, 48% used [0x00000000c0000000,0x00000000c2053428,0x00000000c4300000)
 Metaspace       used 48067K, committed 48832K, reserved 1114112K
  class space    used 4835K, committed 5184K, reserved 1048576K
}
Event: 20.756 GC heap before
{Heap before GC invocations=26 (full 2):
 PSYoungGen      total 19968K, used 19651K [0x00000000eab00000, 0x00000000ec080000, 0x0000000100000000)
  eden space 18432K, 100% used [0x00000000eab00000,0x00000000ebd00000,0x00000000ebd00000)
  from space 1536K, 79% used [0x00000000ebd00000,0x00000000ebe30e78,0x00000000ebe80000)
  to   space 1536K, 0% used [0x00000000ebf00000,0x00000000ebf00000,0x00000000ec080000)
 ParOldGen       total 68608K, used 33101K [0x00000000c0000000, 0x00000000c4300000, 0x00000000eab00000)
  object space 68608K, 48% used [0x00000000c0000000,0x00000000c2053428,0x00000000c4300000)
 Metaspace       used 48630K, committed 49344K, reserved 1114112K
  class space    used 4856K, committed 5184K, reserved 1048576K
}
Event: 20.760 GC heap after
{Heap after GC invocations=26 (full 2):
 PSYoungGen      total 19968K, used 1244K [0x00000000eab00000, 0x00000000ec080000, 0x0000000100000000)
  eden space 18432K, 0% used [0x00000000eab00000,0x00000000eab00000,0x00000000ebd00000)
  from space 1536K, 80% used [0x00000000ebf00000,0x00000000ec037018,0x00000000ec080000)
  to   space 1536K, 0% used [0x00000000ebd00000,0x00000000ebd00000,0x00000000ebe80000)
 ParOldGen       total 68608K, used 34976K [0x00000000c0000000, 0x00000000c4300000, 0x00000000eab00000)
  object space 68608K, 50% used [0x00000000c0000000,0x00000000c22280a0,0x00000000c4300000)
 Metaspace       used 48630K, committed 49344K, reserved 1114112K
  class space    used 4856K, committed 5184K, reserved 1048576K
}
Event: 21.686 GC heap before
{Heap before GC invocations=27 (full 2):
 PSYoungGen      total 19968K, used 19661K [0x00000000eab00000, 0x00000000ec080000, 0x0000000100000000)
  eden space 18432K, 99% used [0x00000000eab00000,0x00000000ebcfc4b8,0x00000000ebd00000)
  from space 1536K, 80% used [0x00000000ebf00000,0x00000000ec037018,0x00000000ec080000)
  to   space 1536K, 0% used [0x00000000ebd00000,0x00000000ebd00000,0x00000000ebe80000)
 ParOldGen       total 68608K, used 34976K [0x00000000c0000000, 0x00000000c4300000, 0x00000000eab00000)
  object space 68608K, 50% used [0x00000000c0000000,0x00000000c22280a0,0x00000000c4300000)
 Metaspace       used 48958K, committed 49664K, reserved 1114112K
  class space    used 4861K, committed 5184K, reserved 1048576K
}
Event: 21.689 GC heap after
{Heap after GC invocations=27 (full 2):
 PSYoungGen      total 19968K, used 1165K [0x00000000eab00000, 0x00000000ec000000, 0x0000000100000000)
  eden space 18432K, 0% used [0x00000000eab00000,0x00000000eab00000,0x00000000ebd00000)
  from space 1536K, 75% used [0x00000000ebd00000,0x00000000ebe23510,0x00000000ebe80000)
  to   space 1536K, 0% used [0x00000000ebe80000,0x00000000ebe80000,0x00000000ec000000)
 ParOldGen       total 68608K, used 35970K [0x00000000c0000000, 0x00000000c4300000, 0x00000000eab00000)
  object space 68608K, 52% used [0x00000000c0000000,0x00000000c23208b8,0x00000000c4300000)
 Metaspace       used 48958K, committed 49664K, reserved 1114112K
  class space    used 4861K, committed 5184K, reserved 1048576K
}
Event: 21.891 GC heap before
{Heap before GC invocations=28 (full 2):
 PSYoungGen      total 19968K, used 19597K [0x00000000eab00000, 0x00000000ec000000, 0x0000000100000000)
  eden space 18432K, 100% used [0x00000000eab00000,0x00000000ebd00000,0x00000000ebd00000)
  from space 1536K, 75% used [0x00000000ebd00000,0x00000000ebe23510,0x00000000ebe80000)
  to   space 1536K, 0% used [0x00000000ebe80000,0x00000000ebe80000,0x00000000ec000000)
 ParOldGen       total 68608K, used 35970K [0x00000000c0000000, 0x00000000c4300000, 0x00000000eab00000)
  object space 68608K, 52% used [0x00000000c0000000,0x00000000c23208b8,0x00000000c4300000)
 Metaspace       used 49058K, committed 49792K, reserved 1114112K
  class space    used 4861K, committed 5184K, reserved 1048576K
}
Event: 21.893 GC heap after
{Heap after GC invocations=28 (full 2):
 PSYoungGen      total 19456K, used 1488K [0x00000000eab00000, 0x00000000ec100000, 0x0000000100000000)
  eden space 17920K, 0% used [0x00000000eab00000,0x00000000eab00000,0x00000000ebc80000)
  from space 1536K, 96% used [0x00000000ebe80000,0x00000000ebff4030,0x00000000ec000000)
  to   space 2048K, 0% used [0x00000000ebc80000,0x00000000ebc80000,0x00000000ebe80000)
 ParOldGen       total 68608K, used 36959K [0x00000000c0000000, 0x00000000c4300000, 0x00000000eab00000)
  object space 68608K, 53% used [0x00000000c0000000,0x00000000c2417dc8,0x00000000c4300000)
 Metaspace       used 49058K, committed 49792K, reserved 1114112K
  class space    used 4861K, committed 5184K, reserved 1048576K
}
Event: 22.277 GC heap before
{Heap before GC invocations=29 (full 2):
 PSYoungGen      total 19456K, used 19408K [0x00000000eab00000, 0x00000000ec100000, 0x0000000100000000)
  eden space 17920K, 100% used [0x00000000eab00000,0x00000000ebc80000,0x00000000ebc80000)
  from space 1536K, 96% used [0x00000000ebe80000,0x00000000ebff4030,0x00000000ec000000)
  to   space 2048K, 0% used [0x00000000ebc80000,0x00000000ebc80000,0x00000000ebe80000)
 ParOldGen       total 68608K, used 36959K [0x00000000c0000000, 0x00000000c4300000, 0x00000000eab00000)
  object space 68608K, 53% used [0x00000000c0000000,0x00000000c2417dc8,0x00000000c4300000)
 Metaspace       used 49506K, committed 50240K, reserved 1114112K
  class space    used 4861K, committed 5184K, reserved 1048576K
}
Event: 22.280 GC heap after
{Heap after GC invocations=29 (full 2):
 PSYoungGen      total 19456K, used 1360K [0x00000000eab00000, 0x00000000ebf80000, 0x0000000100000000)
  eden space 17920K, 0% used [0x00000000eab00000,0x00000000eab00000,0x00000000ebc80000)
  from space 1536K, 88% used [0x00000000ebc80000,0x00000000ebdd4010,0x00000000ebe00000)
  to   space 1536K, 0% used [0x00000000ebe00000,0x00000000ebe00000,0x00000000ebf80000)
 ParOldGen       total 68608K, used 37444K [0x00000000c0000000, 0x00000000c4300000, 0x00000000eab00000)
  object space 68608K, 54% used [0x00000000c0000000,0x00000000c24913d0,0x00000000c4300000)
 Metaspace       used 49506K, committed 50240K, reserved 1114112K
  class space    used 4861K, committed 5184K, reserved 1048576K
}
Event: 23.997 GC heap before
{Heap before GC invocations=30 (full 2):
 PSYoungGen      total 19456K, used 19280K [0x00000000eab00000, 0x00000000ebf80000, 0x0000000100000000)
  eden space 17920K, 100% used [0x00000000eab00000,0x00000000ebc80000,0x00000000ebc80000)
  from space 1536K, 88% used [0x00000000ebc80000,0x00000000ebdd4010,0x00000000ebe00000)
  to   space 1536K, 0% used [0x00000000ebe00000,0x00000000ebe00000,0x00000000ebf80000)
 ParOldGen       total 68608K, used 37444K [0x00000000c0000000, 0x00000000c4300000, 0x00000000eab00000)
  object space 68608K, 54% used [0x00000000c0000000,0x00000000c24913d0,0x00000000c4300000)
 Metaspace       used 49760K, committed 50496K, reserved 1114112K
  class space    used 4865K, committed 5184K, reserved 1048576K
}
Event: 24.003 GC heap after
{Heap after GC invocations=30 (full 2):
 PSYoungGen      total 17920K, used 1517K [0x00000000eab00000, 0x00000000ec280000, 0x0000000100000000)
  eden space 16384K, 0% used [0x00000000eab00000,0x00000000eab00000,0x00000000ebb00000)
  from space 1536K, 98% used [0x00000000ebe00000,0x00000000ebf7b510,0x00000000ebf80000)
  to   space 3072K, 0% used [0x00000000ebb00000,0x00000000ebb00000,0x00000000ebe00000)
 ParOldGen       total 68608K, used 38543K [0x00000000c0000000, 0x00000000c4300000, 0x00000000eab00000)
  object space 68608K, 56% used [0x00000000c0000000,0x00000000c25a3d18,0x00000000c4300000)
 Metaspace       used 49760K, committed 50496K, reserved 1114112K
  class space    used 4865K, committed 5184K, reserved 1048576K
}
Event: 24.560 GC heap before
{Heap before GC invocations=31 (full 2):
 PSYoungGen      total 17920K, used 17901K [0x00000000eab00000, 0x00000000ec280000, 0x0000000100000000)
  eden space 16384K, 100% used [0x00000000eab00000,0x00000000ebb00000,0x00000000ebb00000)
  from space 1536K, 98% used [0x00000000ebe00000,0x00000000ebf7b510,0x00000000ebf80000)
  to   space 3072K, 0% used [0x00000000ebb00000,0x00000000ebb00000,0x00000000ebe00000)
 ParOldGen       total 68608K, used 38543K [0x00000000c0000000, 0x00000000c4300000, 0x00000000eab00000)
  object space 68608K, 56% used [0x00000000c0000000,0x00000000c25a3d18,0x00000000c4300000)
 Metaspace       used 49959K, committed 50688K, reserved 1114112K
  class space    used 4868K, committed 5184K, reserved 1048576K
}
Event: 24.565 GC heap after
{Heap after GC invocations=31 (full 2):
 PSYoungGen      total 18432K, used 1874K [0x00000000eab00000, 0x00000000ec000000, 0x0000000100000000)
  eden space 16384K, 0% used [0x00000000eab00000,0x00000000eab00000,0x00000000ebb00000)
  from space 2048K, 91% used [0x00000000ebb00000,0x00000000ebcd4968,0x00000000ebd00000)
  to   space 2560K, 0% used [0x00000000ebd80000,0x00000000ebd80000,0x00000000ec000000)
 ParOldGen       total 68608K, used 40082K [0x00000000c0000000, 0x00000000c4300000, 0x00000000eab00000)
  object space 68608K, 58% used [0x00000000c0000000,0x00000000c27249a8,0x00000000c4300000)
 Metaspace       used 49959K, committed 50688K, reserved 1114112K
  class space    used 4868K, committed 5184K, reserved 1048576K
}

