# JRE version: OpenJDK Runtime Environment Temurin-17.0.11+9 (17.0.11+9) (build 17.0.11+9)
# Java VM: OpenJDK 64-Bit Server VM Temurin-17.0.11+9 (17.0.11+9, mixed mode, emulated-client, tiered, compressed oops, compressed class ptrs, g1 gc, windows-amd64)
GC Precious Log:
 CPUs: 8 total, 8 available
 Memory: 7886M
 Large Page Support: Disabled
 NUMA Support: Disabled
 Compressed Oops: Enabled (32-bit)
 Heap Region Size: 1M
 Heap Min Capacity: 8M
 Heap Initial Capacity: 124M
 Heap Max Capacity: 1G
 Pre-touch: Disabled
 Parallel Workers: 8
 Concurrent Workers: 2
 Concurrent Refinement Workers: 8
 Periodic GC: Disabled
Heap:
 garbage-first heap   total 75776K, used 27240K [0x00000000c0000000, 0x0000000100000000)
  region size 1024K, 1 young (1024K), 0 survivors (0K)
 Metaspace       used 49556K, committed 50112K, reserved 1114112K
  class space    used 6242K, committed 6464K, reserved 1048576K
GC Heap History (20 events):
Event: 6804.472 GC heap before
{Heap before GC invocations=501 (full 491):
 garbage-first heap   total 75776K, used 27135K [0x00000000c0000000, 0x0000000100000000)
  region size 1024K, 1 young (1024K), 0 survivors (0K)
 Metaspace       used 49510K, committed 50112K, reserved 1114112K
  class space    used 6231K, committed 6464K, reserved 1048576K
}
Event: 6804.508 GC heap after
{Heap after GC invocations=502 (full 492):
 garbage-first heap   total 75776K, used 27135K [0x00000000c0000000, 0x0000000100000000)
  region size 1024K, 0 young (0K), 0 survivors (0K)
 Metaspace       used 49510K, committed 50112K, reserved 1114112K
  class space    used 6231K, committed 6464K, reserved 1048576K
}
Event: 6814.755 GC heap before
{Heap before GC invocations=502 (full 492):
 garbage-first heap   total 75776K, used 27135K [0x00000000c0000000, 0x0000000100000000)
  region size 1024K, 1 young (1024K), 0 survivors (0K)
 Metaspace       used 49510K, committed 50112K, reserved 1114112K
  class space    used 6231K, committed 6464K, reserved 1048576K
}
Event: 6814.790 GC heap after
{Heap after GC invocations=503 (full 493):
 garbage-first heap   total 75776K, used 27135K [0x00000000c0000000, 0x0000000100000000)
  region size 1024K, 0 young (0K), 0 survivors (0K)
 Metaspace       used 49510K, committed 50112K, reserved 1114112K
  class space    used 6231K, committed 6464K, reserved 1048576K
}
Event: 6825.047 GC heap before
{Heap before GC invocations=503 (full 493):
 garbage-first heap   total 75776K, used 27135K [0x00000000c0000000, 0x0000000100000000)
  region size 1024K, 1 young (1024K), 0 survivors (0K)
 Metaspace       used 49510K, committed 50112K, reserved 1114112K
  class space    used 6231K, committed 6464K, reserved 1048576K
}
Event: 6825.080 GC heap after
{Heap after GC invocations=504 (full 494):
 garbage-first heap   total 75776K, used 27135K [0x00000000c0000000, 0x0000000100000000)
  region size 1024K, 0 young (0K), 0 survivors (0K)
 Metaspace       used 49510K, committed 50112K, reserved 1114112K
  class space    used 6231K, committed 6464K, reserved 1048576K
}
Event: 6835.304 GC heap before
{Heap before GC invocations=504 (full 494):
 garbage-first heap   total 75776K, used 27135K [0x00000000c0000000, 0x0000000100000000)
  region size 1024K, 1 young (1024K), 0 survivors (0K)
 Metaspace       used 49510K, committed 50112K, reserved 1114112K
  class space    used 6231K, committed 6464K, reserved 1048576K
}
Event: 6835.336 GC heap after
{Heap after GC invocations=505 (full 495):
 garbage-first heap   total 75776K, used 27135K [0x00000000c0000000, 0x0000000100000000)
  region size 1024K, 0 young (0K), 0 survivors (0K)
 Metaspace       used 49510K, committed 50112K, reserved 1114112K
  class space    used 6231K, committed 6464K, reserved 1048576K
}
Event: 6845.600 GC heap before
{Heap before GC invocations=505 (full 495):
 garbage-first heap   total 75776K, used 27135K [0x00000000c0000000, 0x0000000100000000)
  region size 1024K, 1 young (1024K), 0 survivors (0K)
 Metaspace       used 49510K, committed 50112K, reserved 1114112K
  class space    used 6231K, committed 6464K, reserved 1048576K
}
Event: 6845.643 GC heap after
{Heap after GC invocations=506 (full 496):
 garbage-first heap   total 75776K, used 27135K [0x00000000c0000000, 0x0000000100000000)
  region size 1024K, 0 young (0K), 0 survivors (0K)
 Metaspace       used 49510K, committed 50112K, reserved 1114112K
  class space    used 6231K, committed 6464K, reserved 1048576K
}
Event: 6855.832 GC heap before
{Heap before GC invocations=506 (full 496):
 garbage-first heap   total 75776K, used 27135K [0x00000000c0000000, 0x0000000100000000)
  region size 1024K, 1 young (1024K), 0 survivors (0K)
 Metaspace       used 49510K, committed 50112K, reserved 1114112K
  class space    used 6231K, committed 6464K, reserved 1048576K
}
Event: 6855.858 GC heap after
{Heap after GC invocations=507 (full 497):
 garbage-first heap   total 75776K, used 27135K [0x00000000c0000000, 0x0000000100000000)
  region size 1024K, 0 young (0K), 0 survivors (0K)
 Metaspace       used 49510K, committed 50112K, reserved 1114112K
  class space    used 6231K, committed 6464K, reserved 1048576K
}
Event: 6866.071 GC heap before
{Heap before GC invocations=507 (full 497):
 garbage-first heap   total 75776K, used 27135K [0x00000000c0000000, 0x0000000100000000)
  region size 1024K, 1 young (1024K), 0 survivors (0K)
 Metaspace       used 49510K, committed 50112K, reserved 1114112K
  class space    used 6231K, committed 6464K, reserved 1048576K
}
Event: 6866.098 GC heap after
{Heap after GC invocations=508 (full 498):
 garbage-first heap   total 75776K, used 27135K [0x00000000c0000000, 0x0000000100000000)
  region size 1024K, 0 young (0K), 0 survivors (0K)
 Metaspace       used 49510K, committed 50112K, reserved 1114112K
  class space    used 6231K, committed 6464K, reserved 1048576K
}
Event: 6966.489 GC heap before
{Heap before GC invocations=508 (full 498):
 garbage-first heap   total 75776K, used 33279K [0x00000000c0000000, 0x0000000100000000)
  region size 1024K, 7 young (7168K), 0 survivors (0K)
 Metaspace       used 49561K, committed 50112K, reserved 1114112K
  class space    used 6243K, committed 6464K, reserved 1048576K
}
Event: 6966.659 GC heap after
{Heap after GC invocations=509 (full 499):
 garbage-first heap   total 75776K, used 27594K [0x00000000c0000000, 0x0000000100000000)
  region size 1024K, 0 young (0K), 0 survivors (0K)
 Metaspace       used 49561K, committed 50112K, reserved 1114112K
  class space    used 6243K, committed 6464K, reserved 1048576K
}
Event: 6976.942 GC heap before
{Heap before GC invocations=509 (full 499):
 garbage-first heap   total 75776K, used 27594K [0x00000000c0000000, 0x0000000100000000)
  region size 1024K, 1 young (1024K), 0 survivors (0K)
 Metaspace       used 49561K, committed 50112K, reserved 1114112K
  class space    used 6243K, committed 6464K, reserved 1048576K
}
Event: 6977.289 GC heap after
{Heap after GC invocations=510 (full 500):
 garbage-first heap   total 75776K, used 27244K [0x00000000c0000000, 0x0000000100000000)
  region size 1024K, 0 young (0K), 0 survivors (0K)
 Metaspace       used 49556K, committed 50112K, reserved 1114112K
  class space    used 6242K, committed 6464K, reserved 1048576K
}
Event: 6987.544 GC heap before
{Heap before GC invocations=510 (full 500):
 garbage-first heap   total 75776K, used 27244K [0x00000000c0000000, 0x0000000100000000)
  region size 1024K, 1 young (1024K), 0 survivors (0K)
 Metaspace       used 49556K, committed 50112K, reserved 1114112K
  class space    used 6242K, committed 6464K, reserved 1048576K
}
Event: 6987.605 GC heap after
{Heap after GC invocations=511 (full 501):
 garbage-first heap   total 75776K, used 27240K [0x00000000c0000000, 0x0000000100000000)
  region size 1024K, 0 young (0K), 0 survivors (0K)
 Metaspace       used 49556K, committed 50112K, reserved 1114112K
  class space    used 6242K, committed 6464K, reserved 1048576K
}

